0 info it worked if it ends with ok
1 verbose cli [ '/usr/local/bin/node',
1 verbose cli   '/usr/local/bin/npm',
1 verbose cli   'run',
1 verbose cli   'test',
1 verbose cli   './test/api.spec.js' ]
2 info using npm@3.8.3
3 info using node@v6.0.0
4 verbose run-script [ 'pretest', 'test', 'posttest' ]
5 info lifecycle pixiv-spider@2.0.0~pretest: pixiv-spider@2.0.0
6 silly lifecycle pixiv-spider@2.0.0~pretest: no script for pretest, continuing
7 info lifecycle pixiv-spider@2.0.0~test: pixiv-spider@2.0.0
8 verbose lifecycle pixiv-spider@2.0.0~test: unsafe-perm in lifecycle true
9 verbose lifecycle pixiv-spider@2.0.0~test: PATH: /usr/local/lib/node_modules/npm/bin/node-gyp-bin:/Users/keyves/Documents/WebProject/Demo/PixivSpider/node_modules/.bin:/usr/local/bin:/usr/local/bin:/usr/bin:/bin:/usr/sbin:/sbin
10 verbose lifecycle pixiv-spider@2.0.0~test: CWD: /Users/keyves/Documents/WebProject/Demo/PixivSpider
11 silly lifecycle pixiv-spider@2.0.0~test: Args: [ '-c',
11 silly lifecycle   'NODE_PATH=./src mocha --compilers js:babel-core/register -R spec  "./test/api.spec.js"' ]
12 silly lifecycle pixiv-spider@2.0.0~test: Returned: code: 1  signal: null
13 info lifecycle pixiv-spider@2.0.0~test: Failed to exec test script
14 verbose stack Error: pixiv-spider@2.0.0 test: `NODE_PATH=./src mocha --compilers js:babel-core/register -R spec  "./test/api.spec.js"`
14 verbose stack Exit status 1
14 verbose stack     at EventEmitter.<anonymous> (/usr/local/lib/node_modules/npm/lib/utils/lifecycle.js:239:16)
14 verbose stack     at emitTwo (events.js:106:13)
14 verbose stack     at EventEmitter.emit (events.js:191:7)
14 verbose stack     at ChildProcess.<anonymous> (/usr/local/lib/node_modules/npm/lib/utils/spawn.js:24:14)
14 verbose stack     at emitTwo (events.js:106:13)
14 verbose stack     at ChildProcess.emit (events.js:191:7)
14 verbose stack     at maybeClose (internal/child_process.js:850:16)
14 verbose stack     at Process.ChildProcess._handle.onexit (internal/child_process.js:215:5)
15 verbose pkgid pixiv-spider@2.0.0
16 verbose cwd /Users/keyves/Documents/WebProject/Demo/PixivSpider
17 error Darwin 15.4.0
18 error argv "/usr/local/bin/node" "/usr/local/bin/npm" "run" "test" "./test/api.spec.js"
19 error node v6.0.0
20 error npm  v3.8.3
21 error code ELIFECYCLE
22 error pixiv-spider@2.0.0 test: `NODE_PATH=./src mocha --compilers js:babel-core/register -R spec  "./test/api.spec.js"`
22 error Exit status 1
23 error Failed at the pixiv-spider@2.0.0 test script 'NODE_PATH=./src mocha --compilers js:babel-core/register -R spec  "./test/api.spec.js"'.
23 error Make sure you have the latest version of node.js and npm installed.
23 error If you do, this is most likely a problem with the pixiv-spider package,
23 error not with npm itself.
23 error Tell the author that this fails on your system:
23 error     NODE_PATH=./src mocha --compilers js:babel-core/register -R spec  "./test/api.spec.js"
23 error You can get information on how to open an issue for this project with:
23 error     npm bugs pixiv-spider
23 error Or if that isn't available, you can get their info via:
23 error     npm owner ls pixiv-spider
23 error There is likely additional logging output above.
24 verbose exit [ 1, true ]
